#
# There is insufficient memory for the Java Runtime Environment to continue.
# Native memory allocation (mmap) failed to map 134217728 bytes for Failed to commit area from 0x0000000609000000 to 0x0000000611000000 of length 134217728.
# Possible reasons:
#   The system is out of physical RAM or swap space
#   The process is running with CompressedOops enabled, and the Java Heap may be blocking the growth of the native heap
# Possible solutions:
#   Reduce memory load on the system
#   Increase physical memory or swap space
#   Check if swap backing store is full
#   Decrease Java heap size (-Xmx/-Xms)
#   Decrease number of Java threads
#   Decrease Java thread stack sizes (-Xss)
#   Set larger code cache with -XX:ReservedCodeCacheSize=
# This output file may be truncated or incomplete.
#
#  Out of Memory Error (./src/hotspot/os/windows/os_windows.cpp:3301), pid=19108, tid=20208
#
# JRE version:  (11.0.11+9) (build )
# Java VM: Dynamic Code Evolution 64-Bit Server VM (11.0.11+9-b1341.57, mixed mode, sharing, tiered, compressed oops, g1 gc, windows-amd64)
# No core dump will be written. Minidumps are not enabled by default on client versions of Windows
#

---------------  S U M M A R Y ------------

Command Line: -Djava.rmi.server.hostname=127.0.0.1 -Duser.timezone=UTC -Xmx8048m -Xms128m -Dfile.encoding=UTF-8 com.intellij.database.remote.RemoteJdbcServer com.mysql.cj.jdbc.Driver

Host: AMD Ryzen 7 2700X Eight-Core Processor         , 16 cores, 31G,  Windows 10 , 64 bit Build 19041 (10.0.19041.1023)
Time: Fri Jun  4 19:46:29 2021 RTZ 4 (зима) elapsed time: 0.012512 seconds (0d 0h 0m 0s)

---------------  T H R E A D  ---------------

Current thread (0x0000022282096000):  JavaThread "Unknown thread" [_thread_in_vm, id=20208, stack(0x0000005889a00000,0x0000005889b00000)]

Stack: [0x0000005889a00000,0x0000005889b00000]
Native frames: (J=compiled Java code, j=interpreted, Vv=VM code, C=native code)
V  [jvm.dll+0x5fdd0a]
V  [jvm.dll+0x7822a5]
V  [jvm.dll+0x7838bd]
V  [jvm.dll+0x783f73]
V  [jvm.dll+0x245ed8]
V  [jvm.dll+0x5fb104]
V  [jvm.dll+0x5f0065]
V  [jvm.dll+0x302ecb]
V  [jvm.dll+0x302e3a]
V  [jvm.dll+0x302d12]
V  [jvm.dll+0x307c06]
V  [jvm.dll+0x350aa3]
V  [jvm.dll+0x3511a6]
V  [jvm.dll+0x350ba3]
V  [jvm.dll+0x2dca78]
V  [jvm.dll+0x2ddc27]
V  [jvm.dll+0x760907]
V  [jvm.dll+0x76219c]
V  [jvm.dll+0x35e039]
V  [jvm.dll+0x743e8e]
V  [jvm.dll+0x3c69b3]
V  [jvm.dll+0x3c8db1]
C  [jli.dll+0x5373]
C  [ucrtbase.dll+0x21bb2]
C  [KERNEL32.DLL+0x17034]
C  [ntdll.dll+0x52651]


---------------  P R O C E S S  ---------------

Threads class SMR info:
_java_thread_list=0x0000022280541140, length=0, elements={
}

Java Threads: ( => current thread )

Other Threads:
  0x00000222820b0800 GCTaskThread "GC Thread#0" [stack: 0x0000005889b00000,0x0000005889c00000] [id=13640]
  0x0000022282162800 ConcurrentGCThread "G1 Main Marker" [stack: 0x0000005889c00000,0x0000005889d00000] [id=27292]
  0x0000022282165000 ConcurrentGCThread "G1 Conc#0" [stack: 0x0000005889d00000,0x0000005889e00000] [id=22732]

[error occurred during error reporting (printing all threads), id 0xc0000005, EXCEPTION_ACCESS_VIOLATION (0xc0000005) at pc=0x00007ffa8900d047]

VM state:not at safepoint (not fully initialized)

VM Mutex/Monitor currently owned by a thread:  ([mutex/lock_event])
[0x0000022282092360] Heap_lock - owner thread: 0x0000022282096000

Heap address: 0x0000000609000000, size: 8048 MB, Compressed Oops mode: Non-zero based: 0x0000000609000000
Narrow klass base: 0x0000000000000000, Narrow klass shift: 0

GC Heap History (0 events):
No events

Deoptimization events (0 events):
No events

Classes redefined (0 events):
No events

Internal exceptions (0 events):
No events

Events (1 events):
Event: 0.008 Loaded shared library B:\JBapp\apps\IDEA-U\ch-0\211.7442.40\jbr\bin\zip.dll


Dynamic libraries:
0x00007ff7e5640000 - 0x00007ff7e564a000 	B:\JBapp\apps\IDEA-U\ch-0\211.7442.40\jbr\bin\java.exe
0x00007ffb0ee10000 - 0x00007ffb0f005000 	C:\Windows\SYSTEM32\ntdll.dll
0x00007ffb0d8e0000 - 0x00007ffb0d99d000 	C:\Windows\System32\KERNEL32.DLL
0x00007ffb0c600000 - 0x00007ffb0c8c8000 	C:\Windows\System32\KERNELBASE.dll
0x00007ffb0c960000 - 0x00007ffb0ca60000 	C:\Windows\System32\ucrtbase.dll
0x00007ffb099d0000 - 0x00007ffb099e9000 	B:\JBapp\apps\IDEA-U\ch-0\211.7442.40\jbr\bin\jli.dll
0x00007ffafebe0000 - 0x00007ffafebf7000 	B:\JBapp\apps\IDEA-U\ch-0\211.7442.40\jbr\bin\VCRUNTIME140.dll
0x00007ffb0cf30000 - 0x00007ffb0d0d0000 	C:\Windows\System32\USER32.dll
0x00007ffb0c930000 - 0x00007ffb0c952000 	C:\Windows\System32\win32u.dll
0x00007ffafa5b0000 - 0x00007ffafa84a000 	C:\Windows\WinSxS\amd64_microsoft.windows.common-controls_6595b64144ccf1df_6.0.19041.844_none_ca00b6081b84eb1d\COMCTL32.dll
0x00007ffb0e500000 - 0x00007ffb0e52a000 	C:\Windows\System32\GDI32.dll
0x00007ffb0e720000 - 0x00007ffb0e7be000 	C:\Windows\System32\msvcrt.dll
0x00007ffb0cca0000 - 0x00007ffb0cdab000 	C:\Windows\System32\gdi32full.dll
0x00007ffb0cdb0000 - 0x00007ffb0ce4d000 	C:\Windows\System32\msvcp_win.dll
0x00007ffb0e540000 - 0x00007ffb0e570000 	C:\Windows\System32\IMM32.DLL
0x00007ffafe560000 - 0x00007ffafe5fd000 	B:\JBapp\apps\IDEA-U\ch-0\211.7442.40\jbr\bin\msvcp140.dll
0x00007ffa88d20000 - 0x00007ffa89873000 	B:\JBapp\apps\IDEA-U\ch-0\211.7442.40\jbr\bin\server\jvm.dll
0x00007ffb0ce80000 - 0x00007ffb0cf2c000 	C:\Windows\System32\ADVAPI32.dll
0x00007ffb0da50000 - 0x00007ffb0daeb000 	C:\Windows\System32\sechost.dll
0x00007ffb0e7c0000 - 0x00007ffb0e8eb000 	C:\Windows\System32\RPCRT4.dll
0x00007ffb0e8f0000 - 0x00007ffb0e8f8000 	C:\Windows\System32\PSAPI.DLL
0x00007ffb040f0000 - 0x00007ffb04117000 	C:\Windows\SYSTEM32\WINMM.dll
0x00007ffafeda0000 - 0x00007ffafeda9000 	C:\Windows\SYSTEM32\WSOCK32.dll
0x00007ffb04120000 - 0x00007ffb0412a000 	C:\Windows\SYSTEM32\VERSION.dll
0x00007ffb0e490000 - 0x00007ffb0e4fb000 	C:\Windows\System32\WS2_32.dll
0x00007ffb0a4c0000 - 0x00007ffb0a4d2000 	C:\Windows\SYSTEM32\kernel.appcore.dll
0x00007ffb09df0000 - 0x00007ffb09e01000 	B:\JBapp\apps\IDEA-U\ch-0\211.7442.40\jbr\bin\verify.dll
0x00007ffb03350000 - 0x00007ffb03534000 	C:\Windows\SYSTEM32\DBGHELP.DLL
0x00007ffaee360000 - 0x00007ffaee38c000 	C:\Windows\SYSTEM32\dbgcore.DLL
0x00007ffb0cc10000 - 0x00007ffb0cc93000 	C:\Windows\System32\bcryptPrimitives.dll
0x00007ffaff0b0000 - 0x00007ffaff0d9000 	B:\JBapp\apps\IDEA-U\ch-0\211.7442.40\jbr\bin\java.dll
0x00007ffb09de0000 - 0x00007ffb09deb000 	B:\JBapp\apps\IDEA-U\ch-0\211.7442.40\jbr\bin\jimage.dll
0x00007ffb099b0000 - 0x00007ffb099c8000 	B:\JBapp\apps\IDEA-U\ch-0\211.7442.40\jbr\bin\zip.dll

dbghelp: loaded successfully - version: 4.0.5 - missing functions: none
symbol engine: initialized successfully - sym options: 0x614 - pdb path: .;B:\JBapp\apps\IDEA-U\ch-0\211.7442.40\jbr\bin;C:\Windows\SYSTEM32;C:\Windows\WinSxS\amd64_microsoft.windows.common-controls_6595b64144ccf1df_6.0.19041.844_none_ca00b6081b84eb1d;B:\JBapp\apps\IDEA-U\ch-0\211.7442.40\jbr\bin\server

VM Arguments:
jvm_args: -Djava.rmi.server.hostname=127.0.0.1 -Duser.timezone=UTC -Xmx8048m -Xms128m -Dfile.encoding=UTF-8 
java_command: com.intellij.database.remote.RemoteJdbcServer com.mysql.cj.jdbc.Driver
java_class_path (initial): B:\JBapp\apps\IDEA-U\ch-0\211.7442.40\lib\util.jar;B:\JBapp\apps\IDEA-U\ch-0\211.7442.40\lib\trove4j.jar;B:\JBapp\apps\IDEA-U\ch-0\211.7442.40\lib\groovy-2.5.11.jar;B:\JBapp\apps\IDEA-U\ch-0\211.7442.40\plugins\DatabaseTools\lib\jdbc-console.jar;C:\Users\48562\AppData\Roaming\JetBrains\IntelliJIdea2021.1\jdbc-drivers\MySQL ConnectorJ\8.0.21\mysql-connector-java-8.0.21.jar
Launcher Type: SUN_STANDARD

[Global flags]
     intx CICompilerCount                          = 12                                        {product} {ergonomic}
     uint ConcGCThreads                            = 3                                         {product} {ergonomic}
     uint G1ConcRefinementThreads                  = 13                                        {product} {ergonomic}
   size_t G1HeapRegionSize                         = 1048576                                   {product} {ergonomic}
    uintx GCDrainStackTargetSize                   = 64                                        {product} {ergonomic}
   size_t InitialHeapSize                          = 134217728                                 {product} {command line}
   size_t MarkStackSize                            = 4194304                                   {product} {ergonomic}
   size_t MaxHeapSize                              = 8438939648                                {product} {command line}
   size_t MinHeapDeltaBytes                        = 1048576                                   {product} {ergonomic}
    uintx NonNMethodCodeHeapSize                   = 7594288                                {pd product} {ergonomic}
    uintx NonProfiledCodeHeapSize                  = 122031976                              {pd product} {ergonomic}
    uintx ProfiledCodeHeapSize                     = 122031976                              {pd product} {ergonomic}
    uintx ReservedCodeCacheSize                    = 251658240                              {pd product} {ergonomic}
     bool SegmentedCodeCache                       = true                                      {product} {ergonomic}
     bool UseCompressedClassPointers               = true                                 {lp64_product} {ergonomic}
     bool UseCompressedOops                        = true                                 {lp64_product} {ergonomic}
     bool UseG1GC                                  = true                                      {product} {ergonomic}
     bool UseLargePagesIndividualAllocation        = false                                  {pd product} {ergonomic}

Logging:
Log output configuration:
 #0: stdout all=warning uptime,level,tags
 #1: stderr all=off uptime,level,tags

Environment Variables:
PATH=B:\Programming\VMware\bin\;C:\Program Files\Common Files\Oracle\Java\javapath;C:\Program Files (x86)\Common Files\Oracle\Java\javapath;C:\Windows\system32;C:\Windows;C:\Windows\System32\Wbem;C:\Windows\System32\WindowsPowerShell\v1.0\;C:\Windows\System32\OpenSSH\;B:\Program files\nodejs\;C:\Program Files\dotnet\;C:\Program Files\Git\cmd;C:\Users\48562\AppData\Local\Programs\Python\Python39\Scripts\;C:\Users\48562\AppData\Local\Programs\Python\Python39\;C:\Users\48562\AppData\Local\Microsoft\WindowsApps;C:\Users\48562\AppData\Roaming\npm;C:\Users\48562\.dotnet\tools;B:\Program files\gradle-7.0\bin
USERNAME=48562
OS=Windows_NT
PROCESSOR_IDENTIFIER=AMD64 Family 23 Model 8 Stepping 2, AuthenticAMD



---------------  S Y S T E M  ---------------

OS: Windows 10 , 64 bit Build 19041 (10.0.19041.1023)
OS uptime: 1 days 21:32 hours

CPU:total 16 (initial active 16) (16 cores per cpu, 2 threads per core) family 23 model 8 stepping 2 microcode 0x0, cmov, cx8, fxsr, mmx, sse, sse2, sse3, ssse3, sse4.1, sse4.2, popcnt, avx, avx2, aes, clmul, mmxext, 3dnowpref, lzcnt, sse4a, ht, tsc, tscinvbit, tscinv, bmi1, bmi2, adx, s

Memory: 4k page, system-wide physical 32719M (11022M free)
TotalPageFile size 37719M (AvailPageFile size 27M)
current process WorkingSet (physical memory assigned to process): 10M, peak: 10M
current process commit charge ("private bytes"): 73M, peak: 201M

vm_info: Dynamic Code Evolution 64-Bit Server VM (11.0.11+9-b1341.57) for windows-amd64 JRE (11.0.11+9-b1341.57), built on May 17 2021 14:09:08 by "" with MS VC++ 14.0 (VS2015)

END.
